{"/home/p10user/Project-Development/React/simple-crud-react-node/src/App.js": {"path":"/home/p10user/Project-Development/React/simple-crud-react-node/src/App.js","statementMap":{"0":{"start":{"line":6,"column":12},"end":{"line":13,"column":1}},"1":{"start":{"line":7,"column":2},"end":{"line":12,"column":8}}},"fnMap":{"0":{"name":"(anonymous_0)","decl":{"start":{"line":6,"column":12},"end":{"line":6,"column":13}},"loc":{"start":{"line":7,"column":2},"end":{"line":12,"column":8}},"line":7}},"branchMap":{},"s":{"0":1,"1":1},"f":{"0":1},"b":{},"_coverageSchema":"332fd63041d2c1bcb487cc26dd0d5f7d97098a6c","hash":"a9fc1bc838e899db53bb29c14198bb2ba2d34764"}
,"/home/p10user/Project-Development/React/simple-crud-react-node/src/index.js": {"path":"/home/p10user/Project-Development/React/simple-crud-react-node/src/index.js","statementMap":{"0":{"start":{"line":1,"column":0},"end":{"line":null,"column":-1}},"1":{"start":{"line":2,"column":0},"end":{"line":null,"column":-1}},"2":{"start":{"line":3,"column":0},"end":{"line":null,"column":-1}},"3":{"start":{"line":4,"column":0},"end":{"line":null,"column":-1}},"4":{"start":{"line":5,"column":0},"end":{"line":null,"column":-1}},"5":{"start":{"line":8,"column":0},"end":{"line":null,"column":-1}},"6":{"start":{"line":9,"column":0},"end":{"line":null,"column":-1}},"7":{"start":{"line":10,"column":0},"end":{"line":null,"column":-1}},"8":{"start":{"line":13,"column":0},"end":{"line":null,"column":-1}},"9":{"start":{"line":14,"column":0},"end":{"line":null,"column":-1}},"10":{"start":{"line":17,"column":0},"end":{"line":null,"column":-1}},"11":{"start":{"line":20,"column":14},"end":{"line":20,"column":0}},"12":{"start":{"line":27,"column":0},"end":{"line":null,"column":-1}}},"fnMap":{},"branchMap":{},"s":{"0":0,"1":0,"2":0,"3":0,"4":0,"5":0,"6":0,"7":0,"8":0,"9":0,"10":0,"11":0,"12":0},"f":{},"b":{}}
,"/home/p10user/Project-Development/React/simple-crud-react-node/src/rootReducer.js": {"path":"/home/p10user/Project-Development/React/simple-crud-react-node/src/rootReducer.js","statementMap":{"0":{"start":{"line":4,"column":20},"end":{"line":6,"column":2}}},"fnMap":{},"branchMap":{},"s":{"0":2},"f":{},"b":{},"_coverageSchema":"332fd63041d2c1bcb487cc26dd0d5f7d97098a6c","hash":"0c3d90891c983e48dff4269123619526243ee6c2"}
,"/home/p10user/Project-Development/React/simple-crud-react-node/src/serviceWorker.js": {"path":"/home/p10user/Project-Development/React/simple-crud-react-node/src/serviceWorker.js","statementMap":{"0":{"start":{"line":13,"column":20},"end":{"line":13,"column":0}},"1":{"start":{"line":24,"column":2},"end":{"line":54,"column":3}},"2":{"start":{"line":26,"column":22},"end":{"line":26,"column":4}},"3":{"start":{"line":27,"column":4},"end":{"line":32,"column":5}},"4":{"start":{"line":31,"column":6},"end":{"line":null,"column":-1}},"5":{"start":{"line":34,"column":4},"end":{"line":null,"column":-1}},"6":{"start":{"line":35,"column":21},"end":{"line":35,"column":6}},"7":{"start":{"line":37,"column":6},"end":{"line":52,"column":7}},"8":{"start":{"line":39,"column":8},"end":{"line":37,"column":23}},"9":{"start":{"line":43,"column":8},"end":{"line":null,"column":-1}},"10":{"start":{"line":44,"column":10},"end":{"line":null,"column":-1}},"11":{"start":{"line":51,"column":8},"end":{"line":null,"column":-1}},"12":{"start":{"line":58,"column":2},"end":{"line":null,"column":-1}},"13":{"start":{"line":61,"column":6},"end":{"line":null,"column":-1}},"14":{"start":{"line":62,"column":33},"end":{"line":62,"column":8}},"15":{"start":{"line":63,"column":8},"end":{"line":65,"column":9}},"16":{"start":{"line":64,"column":10},"end":{"line":null,"column":-1}},"17":{"start":{"line":66,"column":8},"end":{"line":null,"column":-1}},"18":{"start":{"line":67,"column":10},"end":{"line":92,"column":11}},"19":{"start":{"line":68,"column":12},"end":{"line":91,"column":13}},"20":{"start":{"line":72,"column":14},"end":{"line":68,"column":52}},"21":{"start":{"line":78,"column":14},"end":{"line":80,"column":15}},"22":{"start":{"line":79,"column":16},"end":{"line":null,"column":-1}},"23":{"start":{"line":85,"column":14},"end":{"line":81,"column":19}},"24":{"start":{"line":88,"column":14},"end":{"line":90,"column":15}},"25":{"start":{"line":89,"column":16},"end":{"line":null,"column":-1}},"26":{"start":{"line":97,"column":6},"end":{"line":null,"column":-1}},"27":{"start":{"line":103,"column":2},"end":{"line":null,"column":-1}},"28":{"start":{"line":106,"column":26},"end":{"line":106,"column":6}},"29":{"start":{"line":107,"column":6},"end":{"line":120,"column":7}},"30":{"start":{"line":112,"column":8},"end":{"line":null,"column":-1}},"31":{"start":{"line":113,"column":10},"end":{"line":null,"column":-1}},"32":{"start":{"line":114,"column":12},"end":{"line":null,"column":-1}},"33":{"start":{"line":119,"column":8},"end":{"line":null,"column":-1}},"34":{"start":{"line":123,"column":6},"end":{"line":null,"column":-1}},"35":{"start":{"line":130,"column":2},"end":{"line":134,"column":3}},"36":{"start":{"line":131,"column":4},"end":{"line":null,"column":-1}},"37":{"start":{"line":132,"column":6},"end":{"line":null,"column":-1}}},"fnMap":{"0":{"name":"register","decl":{"start":{"line":23,"column":16},"end":{"line":23,"column":7}},"loc":{"start":{"line":23,"column":33},"end":{"line":55,"column":1}}},"1":{"name":"(anonymous_1)","decl":{"start":{"line":34,"column":36},"end":{"line":34,"column":41}},"loc":{"start":{"line":34,"column":42},"end":{"line":34,"column":4}}},"2":{"name":"(anonymous_2)","decl":{"start":{"line":43,"column":43},"end":{"line":43,"column":48}},"loc":{"start":{"line":43,"column":49},"end":{"line":43,"column":8}}},"3":{"name":"registerValidSW","decl":{"start":{"line":57,"column":9},"end":{"line":57,"column":0}},"loc":{"start":{"line":57,"column":40},"end":{"line":99,"column":1}}},"4":{"name":"(anonymous_4)","decl":{"start":{"line":60,"column":10},"end":{"line":60,"column":21}},"loc":{"start":{"line":60,"column":26},"end":{"line":58,"column":2}}},"5":{"name":"(anonymous_5)","decl":{"start":{"line":61,"column":35},"end":{"line":61,"column":40}},"loc":{"start":{"line":61,"column":41},"end":{"line":61,"column":6}}},"6":{"name":"(anonymous_6)","decl":{"start":{"line":66,"column":41},"end":{"line":66,"column":46}},"loc":{"start":{"line":66,"column":47},"end":{"line":66,"column":8}}},"7":{"name":"(anonymous_7)","decl":{"start":{"line":96,"column":11},"end":{"line":96,"column":15}},"loc":{"start":{"line":96,"column":20},"end":{"line":58,"column":2}}},"8":{"name":"checkValidServiceWorker","decl":{"start":{"line":101,"column":9},"end":{"line":101,"column":0}},"loc":{"start":{"line":101,"column":48},"end":{"line":127,"column":1}}},"9":{"name":"(anonymous_9)","decl":{"start":{"line":104,"column":10},"end":{"line":104,"column":17}},"loc":{"start":{"line":104,"column":22},"end":{"line":103,"column":2}}},"10":{"name":"(anonymous_10)","decl":{"start":{"line":112,"column":43},"end":{"line":112,"column":54}},"loc":{"start":{"line":112,"column":59},"end":{"line":112,"column":8}}},"11":{"name":"(anonymous_11)","decl":{"start":{"line":113,"column":41},"end":{"line":113,"column":46}},"loc":{"start":{"line":113,"column":47},"end":{"line":113,"column":10}}},"12":{"name":"(anonymous_12)","decl":{"start":{"line":122,"column":11},"end":{"line":122,"column":16}},"loc":{"start":{"line":122,"column":17},"end":{"line":103,"column":2}}},"13":{"name":"unregister","decl":{"start":{"line":129,"column":16},"end":{"line":129,"column":7}},"loc":{"start":{"line":129,"column":29},"end":{"line":135,"column":1}}},"14":{"name":"(anonymous_14)","decl":{"start":{"line":131,"column":39},"end":{"line":131,"column":50}},"loc":{"start":{"line":131,"column":55},"end":{"line":131,"column":4}}}},"branchMap":{"0":{"loc":{"start":{"line":14,"column":2},"end":{"line":14,"column":1}},"type":"binary-expr","locations":[{"start":{"line":14,"column":2},"end":{"line":14,"column":1}},{"start":{"line":16,"column":4},"end":{"line":14,"column":2}},{"start":{"line":18,"column":4},"end":{"line":13,"column":27}}]},"1":{"loc":{"start":{"line":24,"column":2},"end":{"line":54,"column":3}},"type":"if","locations":[{"start":{"line":24,"column":2},"end":{"line":54,"column":3}},{"start":{"line":24,"column":2},"end":{"line":54,"column":3}}]},"2":{"loc":{"start":{"line":24,"column":6},"end":{"line":24,"column":5}},"type":"binary-expr","locations":[{"start":{"line":24,"column":6},"end":{"line":24,"column":5}},{"start":{"line":24,"column":47},"end":{"line":24,"column":2}}]},"3":{"loc":{"start":{"line":27,"column":4},"end":{"line":32,"column":5}},"type":"if","locations":[{"start":{"line":27,"column":4},"end":{"line":32,"column":5}},{"start":{"line":27,"column":4},"end":{"line":32,"column":5}}]},"4":{"loc":{"start":{"line":37,"column":6},"end":{"line":52,"column":7}},"type":"if","locations":[{"start":{"line":37,"column":6},"end":{"line":52,"column":7}},{"start":{"line":37,"column":6},"end":{"line":52,"column":7}}]},"5":{"loc":{"start":{"line":63,"column":8},"end":{"line":65,"column":9}},"type":"if","locations":[{"start":{"line":63,"column":8},"end":{"line":65,"column":9}},{"start":{"line":63,"column":8},"end":{"line":65,"column":9}}]},"6":{"loc":{"start":{"line":67,"column":10},"end":{"line":92,"column":11}},"type":"if","locations":[{"start":{"line":67,"column":10},"end":{"line":92,"column":11}},{"start":{"line":67,"column":10},"end":{"line":92,"column":11}}]},"7":{"loc":{"start":{"line":68,"column":12},"end":{"line":91,"column":13}},"type":"if","locations":[{"start":{"line":68,"column":12},"end":{"line":91,"column":13}},{"start":{"line":68,"column":12},"end":{"line":91,"column":13}}]},"8":{"loc":{"start":{"line":78,"column":14},"end":{"line":80,"column":15}},"type":"if","locations":[{"start":{"line":78,"column":14},"end":{"line":80,"column":15}},{"start":{"line":78,"column":14},"end":{"line":80,"column":15}}]},"9":{"loc":{"start":{"line":78,"column":18},"end":{"line":78,"column":24}},"type":"binary-expr","locations":[{"start":{"line":78,"column":18},"end":{"line":78,"column":24}},{"start":{"line":78,"column":28},"end":{"line":78,"column":14}}]},"10":{"loc":{"start":{"line":88,"column":14},"end":{"line":90,"column":15}},"type":"if","locations":[{"start":{"line":88,"column":14},"end":{"line":90,"column":15}},{"start":{"line":88,"column":14},"end":{"line":90,"column":15}}]},"11":{"loc":{"start":{"line":88,"column":18},"end":{"line":88,"column":24}},"type":"binary-expr","locations":[{"start":{"line":88,"column":18},"end":{"line":88,"column":24}},{"start":{"line":88,"column":28},"end":{"line":88,"column":14}}]},"12":{"loc":{"start":{"line":107,"column":6},"end":{"line":120,"column":7}},"type":"if","locations":[{"start":{"line":107,"column":6},"end":{"line":120,"column":7}},{"start":{"line":107,"column":6},"end":{"line":120,"column":7}}]},"13":{"loc":{"start":{"line":108,"column":8},"end":{"line":108,"column":7}},"type":"binary-expr","locations":[{"start":{"line":108,"column":8},"end":{"line":108,"column":7}},{"start":{"line":109,"column":9},"end":{"line":109,"column":8}},{"start":{"line":109,"column":32},"end":{"line":107,"column":6}}]},"14":{"loc":{"start":{"line":130,"column":2},"end":{"line":134,"column":3}},"type":"if","locations":[{"start":{"line":130,"column":2},"end":{"line":134,"column":3}},{"start":{"line":130,"column":2},"end":{"line":134,"column":3}}]}},"s":{"0":0,"1":0,"2":0,"3":0,"4":0,"5":0,"6":0,"7":0,"8":0,"9":0,"10":0,"11":0,"12":0,"13":0,"14":0,"15":0,"16":0,"17":0,"18":0,"19":0,"20":0,"21":0,"22":0,"23":0,"24":0,"25":0,"26":0,"27":0,"28":0,"29":0,"30":0,"31":0,"32":0,"33":0,"34":0,"35":0,"36":0,"37":0},"f":{"0":0,"1":0,"2":0,"3":0,"4":0,"5":0,"6":0,"7":0,"8":0,"9":0,"10":0,"11":0,"12":0,"13":0,"14":0},"b":{"0":[0,0,0],"1":[0,0],"2":[0,0],"3":[0,0],"4":[0,0],"5":[0,0],"6":[0,0],"7":[0,0],"8":[0,0],"9":[0,0],"10":[0,0],"11":[0,0],"12":[0,0],"13":[0,0,0],"14":[0,0]}}
,"/home/p10user/Project-Development/React/simple-crud-react-node/src/setupTest.js": {"path":"/home/p10user/Project-Development/React/simple-crud-react-node/src/setupTest.js","statementMap":{"0":{"start":{"line":5,"column":0},"end":{"line":5,"column":38}}},"fnMap":{},"branchMap":{},"s":{"0":2},"f":{},"b":{},"_coverageSchema":"332fd63041d2c1bcb487cc26dd0d5f7d97098a6c","hash":"3dfad468783766225ccfdd07dd40840a7f5f9941"}
,"/home/p10user/Project-Development/React/simple-crud-react-node/src/action/employeeAction.js": {"path":"/home/p10user/Project-Development/React/simple-crud-react-node/src/action/employeeAction.js","statementMap":{"0":{"start":{"line":2,"column":18},"end":{"line":2,"column":41}},"1":{"start":{"line":5,"column":33},"end":{"line":5,"column":52}},"2":{"start":{"line":6,"column":35},"end":{"line":6,"column":56}},"3":{"start":{"line":7,"column":36},"end":{"line":7,"column":58}},"4":{"start":{"line":8,"column":32},"end":{"line":8,"column":50}},"5":{"start":{"line":11,"column":31},"end":{"line":14,"column":2}},"6":{"start":{"line":11,"column":45},"end":{"line":14,"column":1}},"7":{"start":{"line":16,"column":37},"end":{"line":18,"column":2}},"8":{"start":{"line":16,"column":44},"end":{"line":18,"column":1}},"9":{"start":{"line":20,"column":38},"end":{"line":22,"column":2}},"10":{"start":{"line":20,"column":45},"end":{"line":22,"column":1}},"11":{"start":{"line":24,"column":29},"end":{"line":27,"column":2}},"12":{"start":{"line":24,"column":44},"end":{"line":27,"column":1}},"13":{"start":{"line":30,"column":34},"end":{"line":34,"column":1}},"14":{"start":{"line":30,"column":40},"end":{"line":34,"column":1}},"15":{"start":{"line":31,"column":4},"end":{"line":33,"column":56}},"16":{"start":{"line":32,"column":17},"end":{"line":32,"column":35}},"17":{"start":{"line":33,"column":21},"end":{"line":33,"column":55}},"18":{"start":{"line":36,"column":28},"end":{"line":38,"column":1}},"19":{"start":{"line":36,"column":38},"end":{"line":38,"column":1}},"20":{"start":{"line":37,"column":4},"end":{"line":37,"column":69}},"21":{"start":{"line":40,"column":30},"end":{"line":44,"column":1}},"22":{"start":{"line":40,"column":41},"end":{"line":44,"column":1}},"23":{"start":{"line":41,"column":4},"end":{"line":43,"column":70}},"24":{"start":{"line":42,"column":17},"end":{"line":42,"column":34}},"25":{"start":{"line":43,"column":29},"end":{"line":43,"column":69}},"26":{"start":{"line":46,"column":31},"end":{"line":48,"column":1}},"27":{"start":{"line":46,"column":41},"end":{"line":48,"column":1}},"28":{"start":{"line":47,"column":4},"end":{"line":47,"column":71}},"29":{"start":{"line":50,"column":31},"end":{"line":52,"column":1}},"30":{"start":{"line":50,"column":42},"end":{"line":52,"column":1}},"31":{"start":{"line":51,"column":4},"end":{"line":51,"column":75}},"32":{"start":{"line":54,"column":40},"end":{"line":56,"column":1}},"33":{"start":{"line":54,"column":54},"end":{"line":56,"column":1}},"34":{"start":{"line":55,"column":4},"end":{"line":55,"column":86}}},"fnMap":{"0":{"name":"(anonymous_0)","decl":{"start":{"line":11,"column":31},"end":{"line":11,"column":32}},"loc":{"start":{"line":11,"column":45},"end":{"line":14,"column":1}},"line":11},"1":{"name":"(anonymous_1)","decl":{"start":{"line":16,"column":37},"end":{"line":16,"column":38}},"loc":{"start":{"line":16,"column":44},"end":{"line":18,"column":1}},"line":16},"2":{"name":"(anonymous_2)","decl":{"start":{"line":20,"column":38},"end":{"line":20,"column":39}},"loc":{"start":{"line":20,"column":45},"end":{"line":22,"column":1}},"line":20},"3":{"name":"(anonymous_3)","decl":{"start":{"line":24,"column":29},"end":{"line":24,"column":30}},"loc":{"start":{"line":24,"column":44},"end":{"line":27,"column":1}},"line":24},"4":{"name":"(anonymous_4)","decl":{"start":{"line":30,"column":34},"end":{"line":30,"column":35}},"loc":{"start":{"line":30,"column":40},"end":{"line":34,"column":1}},"line":30},"5":{"name":"(anonymous_5)","decl":{"start":{"line":30,"column":40},"end":{"line":30,"column":41}},"loc":{"start":{"line":30,"column":52},"end":{"line":34,"column":1}},"line":30},"6":{"name":"(anonymous_6)","decl":{"start":{"line":32,"column":10},"end":{"line":32,"column":11}},"loc":{"start":{"line":32,"column":17},"end":{"line":32,"column":35}},"line":32},"7":{"name":"(anonymous_7)","decl":{"start":{"line":33,"column":10},"end":{"line":33,"column":11}},"loc":{"start":{"line":33,"column":21},"end":{"line":33,"column":55}},"line":33},"8":{"name":"(anonymous_8)","decl":{"start":{"line":36,"column":28},"end":{"line":36,"column":29}},"loc":{"start":{"line":36,"column":38},"end":{"line":38,"column":1}},"line":36},"9":{"name":"(anonymous_9)","decl":{"start":{"line":36,"column":38},"end":{"line":36,"column":39}},"loc":{"start":{"line":36,"column":50},"end":{"line":38,"column":1}},"line":36},"10":{"name":"(anonymous_10)","decl":{"start":{"line":40,"column":30},"end":{"line":40,"column":31}},"loc":{"start":{"line":40,"column":41},"end":{"line":44,"column":1}},"line":40},"11":{"name":"(anonymous_11)","decl":{"start":{"line":40,"column":41},"end":{"line":40,"column":42}},"loc":{"start":{"line":40,"column":53},"end":{"line":44,"column":1}},"line":40},"12":{"name":"(anonymous_12)","decl":{"start":{"line":42,"column":10},"end":{"line":42,"column":11}},"loc":{"start":{"line":42,"column":17},"end":{"line":42,"column":34}},"line":42},"13":{"name":"(anonymous_13)","decl":{"start":{"line":43,"column":10},"end":{"line":43,"column":11}},"loc":{"start":{"line":43,"column":29},"end":{"line":43,"column":69}},"line":43},"14":{"name":"(anonymous_14)","decl":{"start":{"line":46,"column":31},"end":{"line":46,"column":32}},"loc":{"start":{"line":46,"column":41},"end":{"line":48,"column":1}},"line":46},"15":{"name":"(anonymous_15)","decl":{"start":{"line":46,"column":41},"end":{"line":46,"column":42}},"loc":{"start":{"line":46,"column":53},"end":{"line":48,"column":1}},"line":46},"16":{"name":"(anonymous_16)","decl":{"start":{"line":50,"column":31},"end":{"line":50,"column":32}},"loc":{"start":{"line":50,"column":42},"end":{"line":52,"column":1}},"line":50},"17":{"name":"(anonymous_17)","decl":{"start":{"line":50,"column":42},"end":{"line":50,"column":43}},"loc":{"start":{"line":50,"column":54},"end":{"line":52,"column":1}},"line":50},"18":{"name":"(anonymous_18)","decl":{"start":{"line":54,"column":40},"end":{"line":54,"column":41}},"loc":{"start":{"line":54,"column":54},"end":{"line":56,"column":1}},"line":54},"19":{"name":"(anonymous_19)","decl":{"start":{"line":54,"column":54},"end":{"line":54,"column":55}},"loc":{"start":{"line":54,"column":66},"end":{"line":56,"column":1}},"line":54}},"branchMap":{},"s":{"0":2,"1":2,"2":2,"3":2,"4":2,"5":2,"6":0,"7":2,"8":1,"9":2,"10":1,"11":2,"12":0,"13":2,"14":3,"15":3,"16":0,"17":0,"18":2,"19":1,"20":1,"21":2,"22":1,"23":1,"24":0,"25":0,"26":2,"27":1,"28":1,"29":2,"30":1,"31":1,"32":2,"33":1,"34":1},"f":{"0":0,"1":1,"2":1,"3":0,"4":3,"5":3,"6":0,"7":0,"8":1,"9":1,"10":1,"11":1,"12":0,"13":0,"14":1,"15":1,"16":1,"17":1,"18":1,"19":1},"b":{},"_coverageSchema":"332fd63041d2c1bcb487cc26dd0d5f7d97098a6c","hash":"6749847ded9d82ba620382013c77b150966936c9"}
,"/home/p10user/Project-Development/React/simple-crud-react-node/src/components/common/Header.js": {"path":"/home/p10user/Project-Development/React/simple-crud-react-node/src/components/common/Header.js","statementMap":{"0":{"start":{"line":5,"column":8},"end":{"line":9,"column":9}}},"fnMap":{"0":{"name":"(anonymous_0)","decl":{"start":{"line":4,"column":4},"end":{"line":4,"column":5}},"loc":{"start":{"line":4,"column":13},"end":{"line":10,"column":5}},"line":4}},"branchMap":{},"s":{"0":1},"f":{"0":1},"b":{},"_coverageSchema":"332fd63041d2c1bcb487cc26dd0d5f7d97098a6c","hash":"ed6a0d530400d9eb41b3b01c20b9d848a384f1f0"}
,"/home/p10user/Project-Development/React/simple-crud-react-node/src/components/forms/employees/FormModal.js": {"path":"/home/p10user/Project-Development/React/simple-crud-react-node/src/components/forms/employees/FormModal.js","statementMap":{"0":{"start":{"line":9,"column":0},"end":{"line":9,"column":42}},"1":{"start":{"line":27,"column":7},"end":{"line":40,"column":8}},"2":{"start":{"line":28,"column":25},"end":{"line":28,"column":44}},"3":{"start":{"line":29,"column":10},"end":{"line":39,"column":12}},"4":{"start":{"line":44,"column":8},"end":{"line":44,"column":25}},"5":{"start":{"line":45,"column":8},"end":{"line":45,"column":43}},"6":{"start":{"line":48,"column":26},"end":{"line":48,"column":105}},"7":{"start":{"line":51,"column":8},"end":{"line":57,"column":9}},"8":{"start":{"line":52,"column":12},"end":{"line":54,"column":14}},"9":{"start":{"line":53,"column":16},"end":{"line":53,"column":141}},"10":{"start":{"line":56,"column":12},"end":{"line":56,"column":85}},"11":{"start":{"line":61,"column":8},"end":{"line":61,"column":27}},"12":{"start":{"line":62,"column":19},"end":{"line":62,"column":34}},"13":{"start":{"line":63,"column":23},"end":{"line":63,"column":42}},"14":{"start":{"line":64,"column":8},"end":{"line":64,"column":34}},"15":{"start":{"line":65,"column":8},"end":{"line":72,"column":9}},"16":{"start":{"line":66,"column":12},"end":{"line":66,"column":44}},"17":{"start":{"line":67,"column":12},"end":{"line":71,"column":13}},"18":{"start":{"line":68,"column":16},"end":{"line":68,"column":143}},"19":{"start":{"line":68,"column":67},"end":{"line":68,"column":94}},"20":{"start":{"line":68,"column":109},"end":{"line":68,"column":142}},"21":{"start":{"line":70,"column":16},"end":{"line":70,"column":140}},"22":{"start":{"line":70,"column":64},"end":{"line":70,"column":91}},"23":{"start":{"line":70,"column":106},"end":{"line":70,"column":139}},"24":{"start":{"line":76,"column":23},"end":{"line":76,"column":25}},"25":{"start":{"line":78,"column":8},"end":{"line":82,"column":9}},"26":{"start":{"line":79,"column":11},"end":{"line":79,"column":63}},"27":{"start":{"line":80,"column":15},"end":{"line":82,"column":9}},"28":{"start":{"line":81,"column":11},"end":{"line":81,"column":57}},"29":{"start":{"line":84,"column":8},"end":{"line":88,"column":9}},"30":{"start":{"line":85,"column":12},"end":{"line":85,"column":62}},"31":{"start":{"line":86,"column":15},"end":{"line":88,"column":9}},"32":{"start":{"line":87,"column":12},"end":{"line":87,"column":56}},"33":{"start":{"line":90,"column":8},"end":{"line":94,"column":9}},"34":{"start":{"line":91,"column":12},"end":{"line":91,"column":56}},"35":{"start":{"line":92,"column":15},"end":{"line":94,"column":9}},"36":{"start":{"line":93,"column":12},"end":{"line":93,"column":51}},"37":{"start":{"line":96,"column":8},"end":{"line":98,"column":9}},"38":{"start":{"line":97,"column":12},"end":{"line":97,"column":58}},"39":{"start":{"line":100,"column":8},"end":{"line":102,"column":9}},"40":{"start":{"line":101,"column":12},"end":{"line":101,"column":60}},"41":{"start":{"line":104,"column":8},"end":{"line":106,"column":9}},"42":{"start":{"line":105,"column":12},"end":{"line":105,"column":52}},"43":{"start":{"line":108,"column":8},"end":{"line":108,"column":22}},"44":{"start":{"line":112,"column":7},"end":{"line":123,"column":9}},"45":{"start":{"line":127,"column":38},"end":{"line":127,"column":48}},"46":{"start":{"line":128,"column":42},"end":{"line":128,"column":52}},"47":{"start":{"line":129,"column":8},"end":{"line":199,"column":9}}},"fnMap":{"0":{"name":"(anonymous_0)","decl":{"start":{"line":26,"column":4},"end":{"line":26,"column":5}},"loc":{"start":{"line":26,"column":45},"end":{"line":41,"column":5}},"line":26},"1":{"name":"(anonymous_1)","decl":{"start":{"line":43,"column":27},"end":{"line":43,"column":28}},"loc":{"start":{"line":43,"column":33},"end":{"line":46,"column":5}},"line":43},"2":{"name":"(anonymous_2)","decl":{"start":{"line":48,"column":19},"end":{"line":48,"column":20}},"loc":{"start":{"line":48,"column":26},"end":{"line":48,"column":105}},"line":48},"3":{"name":"(anonymous_3)","decl":{"start":{"line":50,"column":23},"end":{"line":50,"column":24}},"loc":{"start":{"line":50,"column":33},"end":{"line":58,"column":5}},"line":50},"4":{"name":"(anonymous_4)","decl":{"start":{"line":52,"column":79},"end":{"line":52,"column":80}},"loc":{"start":{"line":52,"column":85},"end":{"line":54,"column":13}},"line":52},"5":{"name":"(anonymous_5)","decl":{"start":{"line":60,"column":19},"end":{"line":60,"column":20}},"loc":{"start":{"line":60,"column":26},"end":{"line":73,"column":5}},"line":60},"6":{"name":"(anonymous_6)","decl":{"start":{"line":68,"column":60},"end":{"line":68,"column":61}},"loc":{"start":{"line":68,"column":67},"end":{"line":68,"column":94}},"line":68},"7":{"name":"(anonymous_7)","decl":{"start":{"line":68,"column":102},"end":{"line":68,"column":103}},"loc":{"start":{"line":68,"column":109},"end":{"line":68,"column":142}},"line":68},"8":{"name":"(anonymous_8)","decl":{"start":{"line":70,"column":57},"end":{"line":70,"column":58}},"loc":{"start":{"line":70,"column":64},"end":{"line":70,"column":91}},"line":70},"9":{"name":"(anonymous_9)","decl":{"start":{"line":70,"column":99},"end":{"line":70,"column":100}},"loc":{"start":{"line":70,"column":106},"end":{"line":70,"column":139}},"line":70},"10":{"name":"(anonymous_10)","decl":{"start":{"line":75,"column":15},"end":{"line":75,"column":16}},"loc":{"start":{"line":75,"column":25},"end":{"line":109,"column":5}},"line":75},"11":{"name":"(anonymous_11)","decl":{"start":{"line":111,"column":16},"end":{"line":111,"column":17}},"loc":{"start":{"line":111,"column":22},"end":{"line":124,"column":5}},"line":111},"12":{"name":"(anonymous_12)","decl":{"start":{"line":126,"column":4},"end":{"line":126,"column":5}},"loc":{"start":{"line":126,"column":13},"end":{"line":200,"column":5}},"line":126}},"branchMap":{"0":{"loc":{"start":{"line":27,"column":7},"end":{"line":40,"column":8}},"type":"if","locations":[{"start":{"line":27,"column":7},"end":{"line":40,"column":8}},{"start":{"line":27,"column":7},"end":{"line":40,"column":8}}],"line":27},"1":{"loc":{"start":{"line":51,"column":8},"end":{"line":57,"column":9}},"type":"if","locations":[{"start":{"line":51,"column":8},"end":{"line":57,"column":9}},{"start":{"line":51,"column":8},"end":{"line":57,"column":9}}],"line":51},"2":{"loc":{"start":{"line":51,"column":11},"end":{"line":51,"column":51}},"type":"binary-expr","locations":[{"start":{"line":51,"column":11},"end":{"line":51,"column":24}},{"start":{"line":51,"column":28},"end":{"line":51,"column":51}}],"line":51},"3":{"loc":{"start":{"line":65,"column":8},"end":{"line":72,"column":9}},"type":"if","locations":[{"start":{"line":65,"column":8},"end":{"line":72,"column":9}},{"start":{"line":65,"column":8},"end":{"line":72,"column":9}}],"line":65},"4":{"loc":{"start":{"line":67,"column":12},"end":{"line":71,"column":13}},"type":"if","locations":[{"start":{"line":67,"column":12},"end":{"line":71,"column":13}},{"start":{"line":67,"column":12},"end":{"line":71,"column":13}}],"line":67},"5":{"loc":{"start":{"line":78,"column":8},"end":{"line":82,"column":9}},"type":"if","locations":[{"start":{"line":78,"column":8},"end":{"line":82,"column":9}},{"start":{"line":78,"column":8},"end":{"line":82,"column":9}}],"line":78},"6":{"loc":{"start":{"line":80,"column":15},"end":{"line":82,"column":9}},"type":"if","locations":[{"start":{"line":80,"column":15},"end":{"line":82,"column":9}},{"start":{"line":80,"column":15},"end":{"line":82,"column":9}}],"line":80},"7":{"loc":{"start":{"line":84,"column":8},"end":{"line":88,"column":9}},"type":"if","locations":[{"start":{"line":84,"column":8},"end":{"line":88,"column":9}},{"start":{"line":84,"column":8},"end":{"line":88,"column":9}}],"line":84},"8":{"loc":{"start":{"line":86,"column":15},"end":{"line":88,"column":9}},"type":"if","locations":[{"start":{"line":86,"column":15},"end":{"line":88,"column":9}},{"start":{"line":86,"column":15},"end":{"line":88,"column":9}}],"line":86},"9":{"loc":{"start":{"line":90,"column":8},"end":{"line":94,"column":9}},"type":"if","locations":[{"start":{"line":90,"column":8},"end":{"line":94,"column":9}},{"start":{"line":90,"column":8},"end":{"line":94,"column":9}}],"line":90},"10":{"loc":{"start":{"line":92,"column":15},"end":{"line":94,"column":9}},"type":"if","locations":[{"start":{"line":92,"column":15},"end":{"line":94,"column":9}},{"start":{"line":92,"column":15},"end":{"line":94,"column":9}}],"line":92},"11":{"loc":{"start":{"line":96,"column":8},"end":{"line":98,"column":9}},"type":"if","locations":[{"start":{"line":96,"column":8},"end":{"line":98,"column":9}},{"start":{"line":96,"column":8},"end":{"line":98,"column":9}}],"line":96},"12":{"loc":{"start":{"line":100,"column":8},"end":{"line":102,"column":9}},"type":"if","locations":[{"start":{"line":100,"column":8},"end":{"line":102,"column":9}},{"start":{"line":100,"column":8},"end":{"line":102,"column":9}}],"line":100},"13":{"loc":{"start":{"line":104,"column":8},"end":{"line":106,"column":9}},"type":"if","locations":[{"start":{"line":104,"column":8},"end":{"line":106,"column":9}},{"start":{"line":104,"column":8},"end":{"line":106,"column":9}}],"line":104},"14":{"loc":{"start":{"line":104,"column":11},"end":{"line":104,"column":74}},"type":"binary-expr","locations":[{"start":{"line":104,"column":11},"end":{"line":104,"column":56}},{"start":{"line":104,"column":60},"end":{"line":104,"column":74}}],"line":104},"15":{"loc":{"start":{"line":138,"column":21},"end":{"line":138,"column":68}},"type":"cond-expr","locations":[{"start":{"line":138,"column":34},"end":{"line":138,"column":51}},{"start":{"line":138,"column":54},"end":{"line":138,"column":68}}],"line":138},"16":{"loc":{"start":{"line":144,"column":100},"end":{"line":144,"column":135}},"type":"cond-expr","locations":[{"start":{"line":144,"column":117},"end":{"line":144,"column":131}},{"start":{"line":144,"column":133},"end":{"line":144,"column":135}}],"line":144},"17":{"loc":{"start":{"line":145,"column":25},"end":{"line":145,"column":98}},"type":"binary-expr","locations":[{"start":{"line":145,"column":25},"end":{"line":145,"column":41}},{"start":{"line":145,"column":45},"end":{"line":145,"column":98}}],"line":145},"18":{"loc":{"start":{"line":149,"column":99},"end":{"line":149,"column":132}},"type":"cond-expr","locations":[{"start":{"line":149,"column":115},"end":{"line":149,"column":128}},{"start":{"line":149,"column":130},"end":{"line":149,"column":132}}],"line":149},"19":{"loc":{"start":{"line":150,"column":25},"end":{"line":150,"column":96}},"type":"binary-expr","locations":[{"start":{"line":150,"column":25},"end":{"line":150,"column":40}},{"start":{"line":150,"column":44},"end":{"line":150,"column":96}}],"line":150},"20":{"loc":{"start":{"line":154,"column":97},"end":{"line":154,"column":124}},"type":"cond-expr","locations":[{"start":{"line":154,"column":110},"end":{"line":154,"column":120}},{"start":{"line":154,"column":122},"end":{"line":154,"column":124}}],"line":154},"21":{"loc":{"start":{"line":155,"column":25},"end":{"line":155,"column":90}},"type":"binary-expr","locations":[{"start":{"line":155,"column":25},"end":{"line":155,"column":37}},{"start":{"line":155,"column":41},"end":{"line":155,"column":90}}],"line":155},"22":{"loc":{"start":{"line":160,"column":134},"end":{"line":160,"column":171}},"type":"binary-expr","locations":[{"start":{"line":160,"column":134},"end":{"line":160,"column":145}},{"start":{"line":160,"column":149},"end":{"line":160,"column":171}}],"line":160},"23":{"loc":{"start":{"line":163,"column":138},"end":{"line":163,"column":177}},"type":"binary-expr","locations":[{"start":{"line":163,"column":138},"end":{"line":163,"column":149}},{"start":{"line":163,"column":153},"end":{"line":163,"column":177}}],"line":163},"24":{"loc":{"start":{"line":165,"column":25},"end":{"line":165,"column":92}},"type":"binary-expr","locations":[{"start":{"line":165,"column":25},"end":{"line":165,"column":38}},{"start":{"line":165,"column":42},"end":{"line":165,"column":92}}],"line":165},"25":{"loc":{"start":{"line":171,"column":34},"end":{"line":171,"column":127}},"type":"cond-expr","locations":[{"start":{"line":171,"column":94},"end":{"line":171,"column":120}},{"start":{"line":171,"column":123},"end":{"line":171,"column":127}}],"line":171},"26":{"loc":{"start":{"line":171,"column":35},"end":{"line":171,"column":90}},"type":"binary-expr","locations":[{"start":{"line":171,"column":35},"end":{"line":171,"column":51}},{"start":{"line":171,"column":55},"end":{"line":171,"column":90}}],"line":171},"27":{"loc":{"start":{"line":184,"column":21},"end":{"line":184,"column":98}},"type":"binary-expr","locations":[{"start":{"line":184,"column":21},"end":{"line":184,"column":39}},{"start":{"line":184,"column":43},"end":{"line":184,"column":98}}],"line":184},"28":{"loc":{"start":{"line":189,"column":83},"end":{"line":189,"column":106}},"type":"cond-expr","locations":[{"start":{"line":189,"column":94},"end":{"line":189,"column":102}},{"start":{"line":189,"column":104},"end":{"line":189,"column":106}}],"line":189},"29":{"loc":{"start":{"line":190,"column":25},"end":{"line":190,"column":86}},"type":"binary-expr","locations":[{"start":{"line":190,"column":25},"end":{"line":190,"column":35}},{"start":{"line":190,"column":39},"end":{"line":190,"column":86}}],"line":190}},"s":{"0":2,"1":9,"2":0,"3":0,"4":0,"5":0,"6":2,"7":1,"8":1,"9":1,"10":0,"11":1,"12":1,"13":1,"14":1,"15":1,"16":0,"17":0,"18":0,"19":0,"20":0,"21":0,"22":0,"23":0,"24":1,"25":1,"26":1,"27":0,"28":0,"29":1,"30":1,"31":0,"32":0,"33":1,"34":1,"35":0,"36":0,"37":1,"38":1,"39":1,"40":0,"41":1,"42":1,"43":1,"44":0,"45":13,"46":13,"47":13},"f":{"0":9,"1":0,"2":2,"3":1,"4":1,"5":1,"6":0,"7":0,"8":0,"9":0,"10":1,"11":0,"12":13},"b":{"0":[0,9],"1":[1,0],"2":[1,1],"3":[0,1],"4":[0,0],"5":[1,0],"6":[0,0],"7":[1,0],"8":[0,0],"9":[1,0],"10":[0,0],"11":[1,0],"12":[0,1],"13":[1,0],"14":[1,1],"15":[0,13],"16":[0,13],"17":[13,1],"18":[0,13],"19":[13,1],"20":[0,13],"21":[13,1],"22":[13,0],"23":[13,0],"24":[13,1],"25":[3,10],"26":[13,3],"27":[13,0],"28":[0,13],"29":[13,1]},"_coverageSchema":"332fd63041d2c1bcb487cc26dd0d5f7d97098a6c","hash":"8bf3a2975e2d84b3c9416683bddeb1acd6b94f7f"}
,"/home/p10user/Project-Development/React/simple-crud-react-node/src/components/pages/employees/EmployeeList.js": {"path":"/home/p10user/Project-Development/React/simple-crud-react-node/src/components/pages/employees/EmployeeList.js","statementMap":{"0":{"start":{"line":6,"column":21},"end":{"line":66,"column":1}},"1":{"start":{"line":8,"column":30},"end":{"line":8,"column":42}},"2":{"start":{"line":10,"column":29},"end":{"line":14,"column":5}},"3":{"start":{"line":11,"column":8},"end":{"line":11,"column":46}},"4":{"start":{"line":12,"column":8},"end":{"line":12,"column":24}},"5":{"start":{"line":13,"column":8},"end":{"line":13,"column":71}},"6":{"start":{"line":17,"column":8},"end":{"line":35,"column":10}},"7":{"start":{"line":19,"column":8},"end":{"line":34,"column":9}},"8":{"start":{"line":22,"column":148},"end":{"line":22,"column":167}},"9":{"start":{"line":30,"column":70},"end":{"line":30,"column":99}},"10":{"start":{"line":31,"column":95},"end":{"line":31,"column":125}},"11":{"start":{"line":38,"column":21},"end":{"line":38,"column":69}},"12":{"start":{"line":40,"column":4},"end":{"line":65,"column":5}},"13":{"start":{"line":58,"column":102},"end":{"line":58,"column":127}}},"fnMap":{"0":{"name":"(anonymous_0)","decl":{"start":{"line":6,"column":21},"end":{"line":6,"column":22}},"loc":{"start":{"line":6,"column":119},"end":{"line":66,"column":1}},"line":6},"1":{"name":"(anonymous_1)","decl":{"start":{"line":10,"column":29},"end":{"line":10,"column":30}},"loc":{"start":{"line":10,"column":36},"end":{"line":14,"column":5}},"line":10},"2":{"name":"(anonymous_2)","decl":{"start":{"line":18,"column":22},"end":{"line":18,"column":23}},"loc":{"start":{"line":18,"column":43},"end":{"line":35,"column":9}},"line":18},"3":{"name":"(anonymous_3)","decl":{"start":{"line":22,"column":141},"end":{"line":22,"column":142}},"loc":{"start":{"line":22,"column":148},"end":{"line":22,"column":167}},"line":22},"4":{"name":"(anonymous_4)","decl":{"start":{"line":30,"column":64},"end":{"line":30,"column":65}},"loc":{"start":{"line":30,"column":70},"end":{"line":30,"column":99}},"line":30},"5":{"name":"(anonymous_5)","decl":{"start":{"line":31,"column":89},"end":{"line":31,"column":90}},"loc":{"start":{"line":31,"column":95},"end":{"line":31,"column":125}},"line":31},"6":{"name":"(anonymous_6)","decl":{"start":{"line":58,"column":96},"end":{"line":58,"column":97}},"loc":{"start":{"line":58,"column":102},"end":{"line":58,"column":127}},"line":58}},"branchMap":{"0":{"loc":{"start":{"line":17,"column":8},"end":{"line":35,"column":10}},"type":"binary-expr","locations":[{"start":{"line":17,"column":9},"end":{"line":17,"column":32}},{"start":{"line":17,"column":36},"end":{"line":17,"column":56}},{"start":{"line":18,"column":8},"end":{"line":35,"column":10}}],"line":17},"1":{"loc":{"start":{"line":22,"column":73},"end":{"line":22,"column":109}},"type":"cond-expr","locations":[{"start":{"line":22,"column":97},"end":{"line":22,"column":101}},{"start":{"line":22,"column":104},"end":{"line":22,"column":109}}],"line":22},"2":{"loc":{"start":{"line":54,"column":21},"end":{"line":54,"column":82}},"type":"cond-expr","locations":[{"start":{"line":54,"column":59},"end":{"line":54,"column":71}},{"start":{"line":54,"column":74},"end":{"line":54,"column":82}}],"line":54},"3":{"loc":{"start":{"line":54,"column":22},"end":{"line":54,"column":55}},"type":"binary-expr","locations":[{"start":{"line":54,"column":22},"end":{"line":54,"column":31}},{"start":{"line":54,"column":35},"end":{"line":54,"column":55}}],"line":54},"4":{"loc":{"start":{"line":55,"column":21},"end":{"line":61,"column":25}},"type":"binary-expr","locations":[{"start":{"line":55,"column":21},"end":{"line":55,"column":28}},{"start":{"line":56,"column":20},"end":{"line":61,"column":25}}],"line":55}},"s":{"0":2,"1":10,"2":10,"3":0,"4":0,"5":0,"6":10,"7":0,"8":0,"9":0,"10":0,"11":10,"12":10,"13":0},"f":{"0":10,"1":0,"2":0,"3":0,"4":0,"5":0,"6":0},"b":{"0":[10,7,0],"1":[0,0],"2":[0,10],"3":[10,7],"4":[10,0]},"_coverageSchema":"332fd63041d2c1bcb487cc26dd0d5f7d97098a6c","hash":"2365079a41cd59f1a2754c39aa752191938629c5"}
,"/home/p10user/Project-Development/React/simple-crud-react-node/src/components/pages/employees/EmployeePage.js": {"path":"/home/p10user/Project-Development/React/simple-crud-react-node/src/components/pages/employees/EmployeePage.js","statementMap":{"0":{"start":{"line":17,"column":20},"end":{"line":26,"column":1}},"1":{"start":{"line":34,"column":8},"end":{"line":34,"column":33}},"2":{"start":{"line":39,"column":8},"end":{"line":39,"column":47}},"3":{"start":{"line":44,"column":8},"end":{"line":44,"column":50}},"4":{"start":{"line":48,"column":8},"end":{"line":48,"column":51}},"5":{"start":{"line":52,"column":8},"end":{"line":56,"column":10}},"6":{"start":{"line":53,"column":12},"end":{"line":53,"column":37}},"7":{"start":{"line":54,"column":12},"end":{"line":54,"column":49}},"8":{"start":{"line":55,"column":12},"end":{"line":55,"column":62}},"9":{"start":{"line":60,"column":7},"end":{"line":62,"column":8}},"10":{"start":{"line":61,"column":8},"end":{"line":61,"column":36}},"11":{"start":{"line":66,"column":8},"end":{"line":70,"column":10}},"12":{"start":{"line":67,"column":12},"end":{"line":67,"column":37}},"13":{"start":{"line":68,"column":12},"end":{"line":68,"column":49}},"14":{"start":{"line":69,"column":12},"end":{"line":69,"column":64}},"15":{"start":{"line":74,"column":8},"end":{"line":78,"column":10}},"16":{"start":{"line":75,"column":12},"end":{"line":75,"column":37}},"17":{"start":{"line":76,"column":12},"end":{"line":76,"column":49}},"18":{"start":{"line":77,"column":12},"end":{"line":77,"column":64}},"19":{"start":{"line":82,"column":17},"end":{"line":82,"column":22}},"20":{"start":{"line":83,"column":8},"end":{"line":94,"column":10}},"21":{"start":{"line":91,"column":18},"end":{"line":91,"column":42}},"22":{"start":{"line":98,"column":21},"end":{"line":98,"column":50}},"23":{"start":{"line":99,"column":6},"end":{"line":106,"column":7}},"24":{"start":{"line":100,"column":8},"end":{"line":100,"column":37}},"25":{"start":{"line":102,"column":25},"end":{"line":102,"column":75}},"26":{"start":{"line":102,"column":52},"end":{"line":102,"column":74}},"27":{"start":{"line":103,"column":8},"end":{"line":105,"column":9}},"28":{"start":{"line":104,"column":11},"end":{"line":104,"column":42}},"29":{"start":{"line":107,"column":6},"end":{"line":107,"column":49}},"30":{"start":{"line":111,"column":8},"end":{"line":122,"column":10}},"31":{"start":{"line":119,"column":18},"end":{"line":119,"column":50}},"32":{"start":{"line":127,"column":8},"end":{"line":132,"column":10}},"33":{"start":{"line":129,"column":12},"end":{"line":129,"column":49}},"34":{"start":{"line":130,"column":12},"end":{"line":130,"column":37}},"35":{"start":{"line":131,"column":12},"end":{"line":131,"column":64}},"36":{"start":{"line":136,"column":8},"end":{"line":140,"column":11}},"37":{"start":{"line":144,"column":59},"end":{"line":144,"column":69}},"38":{"start":{"line":145,"column":34},"end":{"line":145,"column":44}},"39":{"start":{"line":146,"column":8},"end":{"line":170,"column":9}},"40":{"start":{"line":148,"column":46},"end":{"line":148,"column":68}},"41":{"start":{"line":174,"column":24},"end":{"line":181,"column":1}},"42":{"start":{"line":175,"column":20},"end":{"line":175,"column":78}},"43":{"start":{"line":176,"column":28},"end":{"line":176,"column":105}},"44":{"start":{"line":177,"column":19},"end":{"line":177,"column":75}},"45":{"start":{"line":178,"column":4},"end":{"line":180,"column":5}},"46":{"start":{"line":183,"column":27},"end":{"line":194,"column":1}},"47":{"start":{"line":184,"column":4},"end":{"line":193,"column":5}},"48":{"start":{"line":185,"column":34},"end":{"line":185,"column":64}},"49":{"start":{"line":186,"column":37},"end":{"line":186,"column":70}},"50":{"start":{"line":187,"column":38},"end":{"line":187,"column":72}},"51":{"start":{"line":188,"column":32},"end":{"line":188,"column":60}},"52":{"start":{"line":189,"column":35},"end":{"line":189,"column":66}},"53":{"start":{"line":190,"column":35},"end":{"line":190,"column":66}},"54":{"start":{"line":191,"column":36},"end":{"line":191,"column":68}},"55":{"start":{"line":192,"column":48},"end":{"line":192,"column":92}}},"fnMap":{"0":{"name":"(anonymous_0)","decl":{"start":{"line":33,"column":4},"end":{"line":33,"column":5}},"loc":{"start":{"line":33,"column":24},"end":{"line":35,"column":5}},"line":33},"1":{"name":"(anonymous_1)","decl":{"start":{"line":38,"column":24},"end":{"line":38,"column":25}},"loc":{"start":{"line":38,"column":30},"end":{"line":40,"column":5}},"line":38},"2":{"name":"(anonymous_2)","decl":{"start":{"line":43,"column":27},"end":{"line":43,"column":28}},"loc":{"start":{"line":43,"column":33},"end":{"line":45,"column":5}},"line":43},"3":{"name":"(anonymous_3)","decl":{"start":{"line":47,"column":28},"end":{"line":47,"column":29}},"loc":{"start":{"line":47,"column":34},"end":{"line":49,"column":5}},"line":47},"4":{"name":"(anonymous_4)","decl":{"start":{"line":51,"column":18},"end":{"line":51,"column":19}},"loc":{"start":{"line":51,"column":28},"end":{"line":57,"column":5}},"line":51},"5":{"name":"(anonymous_5)","decl":{"start":{"line":52,"column":50},"end":{"line":52,"column":51}},"loc":{"start":{"line":52,"column":57},"end":{"line":56,"column":9}},"line":52},"6":{"name":"(anonymous_6)","decl":{"start":{"line":59,"column":20},"end":{"line":59,"column":21}},"loc":{"start":{"line":59,"column":31},"end":{"line":63,"column":5}},"line":59},"7":{"name":"(anonymous_7)","decl":{"start":{"line":60,"column":52},"end":{"line":60,"column":53}},"loc":{"start":{"line":60,"column":59},"end":{"line":62,"column":7}},"line":60},"8":{"name":"(anonymous_8)","decl":{"start":{"line":65,"column":21},"end":{"line":65,"column":22}},"loc":{"start":{"line":65,"column":31},"end":{"line":71,"column":5}},"line":65},"9":{"name":"(anonymous_9)","decl":{"start":{"line":66,"column":53},"end":{"line":66,"column":54}},"loc":{"start":{"line":66,"column":60},"end":{"line":70,"column":9}},"line":66},"10":{"name":"(anonymous_10)","decl":{"start":{"line":73,"column":21},"end":{"line":73,"column":22}},"loc":{"start":{"line":73,"column":32},"end":{"line":79,"column":5}},"line":73},"11":{"name":"(anonymous_11)","decl":{"start":{"line":74,"column":54},"end":{"line":74,"column":55}},"loc":{"start":{"line":74,"column":61},"end":{"line":78,"column":9}},"line":74},"12":{"name":"(anonymous_12)","decl":{"start":{"line":81,"column":28},"end":{"line":81,"column":29}},"loc":{"start":{"line":81,"column":39},"end":{"line":95,"column":5}},"line":81},"13":{"name":"(anonymous_13)","decl":{"start":{"line":90,"column":26},"end":{"line":90,"column":27}},"loc":{"start":{"line":90,"column":32},"end":{"line":92,"column":17}},"line":90},"14":{"name":"(anonymous_14)","decl":{"start":{"line":97,"column":19},"end":{"line":97,"column":20}},"loc":{"start":{"line":97,"column":32},"end":{"line":108,"column":5}},"line":97},"15":{"name":"(anonymous_15)","decl":{"start":{"line":102,"column":44},"end":{"line":102,"column":45}},"loc":{"start":{"line":102,"column":52},"end":{"line":102,"column":74}},"line":102},"16":{"name":"(anonymous_16)","decl":{"start":{"line":110,"column":37},"end":{"line":110,"column":38}},"loc":{"start":{"line":110,"column":43},"end":{"line":124,"column":5}},"line":110},"17":{"name":"(anonymous_17)","decl":{"start":{"line":118,"column":26},"end":{"line":118,"column":27}},"loc":{"start":{"line":118,"column":32},"end":{"line":120,"column":17}},"line":118},"18":{"name":"(anonymous_18)","decl":{"start":{"line":126,"column":31},"end":{"line":126,"column":32}},"loc":{"start":{"line":126,"column":37},"end":{"line":133,"column":5}},"line":126},"19":{"name":"(anonymous_19)","decl":{"start":{"line":128,"column":14},"end":{"line":128,"column":15}},"loc":{"start":{"line":128,"column":21},"end":{"line":132,"column":9}},"line":128},"20":{"name":"(anonymous_20)","decl":{"start":{"line":135,"column":18},"end":{"line":135,"column":19}},"loc":{"start":{"line":135,"column":38},"end":{"line":141,"column":5}},"line":135},"21":{"name":"(anonymous_21)","decl":{"start":{"line":143,"column":4},"end":{"line":143,"column":5}},"loc":{"start":{"line":143,"column":13},"end":{"line":171,"column":5}},"line":143},"22":{"name":"(anonymous_22)","decl":{"start":{"line":148,"column":37},"end":{"line":148,"column":38}},"loc":{"start":{"line":148,"column":46},"end":{"line":148,"column":68}},"line":148},"23":{"name":"(anonymous_23)","decl":{"start":{"line":174,"column":24},"end":{"line":174,"column":25}},"loc":{"start":{"line":174,"column":35},"end":{"line":181,"column":1}},"line":174},"24":{"name":"(anonymous_24)","decl":{"start":{"line":183,"column":27},"end":{"line":183,"column":28}},"loc":{"start":{"line":183,"column":41},"end":{"line":194,"column":1}},"line":183},"25":{"name":"(anonymous_25)","decl":{"start":{"line":185,"column":28},"end":{"line":185,"column":29}},"loc":{"start":{"line":185,"column":34},"end":{"line":185,"column":64}},"line":185},"26":{"name":"(anonymous_26)","decl":{"start":{"line":186,"column":31},"end":{"line":186,"column":32}},"loc":{"start":{"line":186,"column":37},"end":{"line":186,"column":70}},"line":186},"27":{"name":"(anonymous_27)","decl":{"start":{"line":187,"column":32},"end":{"line":187,"column":33}},"loc":{"start":{"line":187,"column":38},"end":{"line":187,"column":72}},"line":187},"28":{"name":"(anonymous_28)","decl":{"start":{"line":188,"column":22},"end":{"line":188,"column":23}},"loc":{"start":{"line":188,"column":32},"end":{"line":188,"column":60}},"line":188},"29":{"name":"(anonymous_29)","decl":{"start":{"line":189,"column":24},"end":{"line":189,"column":25}},"loc":{"start":{"line":189,"column":35},"end":{"line":189,"column":66}},"line":189},"30":{"name":"(anonymous_30)","decl":{"start":{"line":190,"column":25},"end":{"line":190,"column":26}},"loc":{"start":{"line":190,"column":35},"end":{"line":190,"column":66}},"line":190},"31":{"name":"(anonymous_31)","decl":{"start":{"line":191,"column":25},"end":{"line":191,"column":26}},"loc":{"start":{"line":191,"column":36},"end":{"line":191,"column":68}},"line":191},"32":{"name":"(anonymous_32)","decl":{"start":{"line":192,"column":34},"end":{"line":192,"column":35}},"loc":{"start":{"line":192,"column":48},"end":{"line":192,"column":92}},"line":192}},"branchMap":{"0":{"loc":{"start":{"line":99,"column":6},"end":{"line":106,"column":7}},"type":"if","locations":[{"start":{"line":99,"column":6},"end":{"line":106,"column":7}},{"start":{"line":99,"column":6},"end":{"line":106,"column":7}}],"line":99},"1":{"loc":{"start":{"line":103,"column":8},"end":{"line":105,"column":9}},"type":"if","locations":[{"start":{"line":103,"column":8},"end":{"line":105,"column":9}},{"start":{"line":103,"column":8},"end":{"line":105,"column":9}}],"line":103},"2":{"loc":{"start":{"line":136,"column":8},"end":{"line":140,"column":10}},"type":"binary-expr","locations":[{"start":{"line":136,"column":8},"end":{"line":136,"column":22}},{"start":{"line":136,"column":26},"end":{"line":140,"column":10}}],"line":136},"3":{"loc":{"start":{"line":159,"column":29},"end":{"line":159,"column":68}},"type":"cond-expr","locations":[{"start":{"line":159,"column":56},"end":{"line":159,"column":60}},{"start":{"line":159,"column":63},"end":{"line":159,"column":68}}],"line":159},"4":{"loc":{"start":{"line":175,"column":20},"end":{"line":175,"column":78}},"type":"cond-expr","locations":[{"start":{"line":175,"column":48},"end":{"line":175,"column":73}},{"start":{"line":175,"column":76},"end":{"line":175,"column":78}}],"line":175},"5":{"loc":{"start":{"line":176,"column":28},"end":{"line":176,"column":105}},"type":"cond-expr","locations":[{"start":{"line":176,"column":64},"end":{"line":176,"column":97}},{"start":{"line":176,"column":100},"end":{"line":176,"column":105}}],"line":176},"6":{"loc":{"start":{"line":177,"column":19},"end":{"line":177,"column":75}},"type":"cond-expr","locations":[{"start":{"line":177,"column":46},"end":{"line":177,"column":70}},{"start":{"line":177,"column":73},"end":{"line":177,"column":75}}],"line":177}},"s":{"0":2,"1":3,"2":3,"3":1,"4":1,"5":1,"6":0,"7":0,"8":0,"9":1,"10":0,"11":1,"12":0,"13":0,"14":0,"15":1,"16":0,"17":0,"18":0,"19":0,"20":0,"21":0,"22":0,"23":0,"24":0,"25":0,"26":0,"27":0,"28":0,"29":0,"30":0,"31":0,"32":1,"33":0,"34":0,"35":0,"36":0,"37":7,"38":7,"39":7,"40":13,"41":2,"42":7,"43":7,"44":7,"45":7,"46":2,"47":3,"48":3,"49":1,"50":1,"51":1,"52":1,"53":1,"54":1,"55":1},"f":{"0":3,"1":3,"2":1,"3":1,"4":1,"5":0,"6":1,"7":0,"8":1,"9":0,"10":1,"11":0,"12":0,"13":0,"14":0,"15":0,"16":0,"17":0,"18":1,"19":0,"20":0,"21":7,"22":13,"23":7,"24":3,"25":3,"26":1,"27":1,"28":1,"29":1,"30":1,"31":1,"32":1},"b":{"0":[0,0],"1":[0,0],"2":[0,0],"3":[0,7],"4":[7,0],"5":[2,5],"6":[7,0]},"_coverageSchema":"332fd63041d2c1bcb487cc26dd0d5f7d97098a6c","hash":"49837651622c33ff102abf5f57bde82137c839a9"}
,"/home/p10user/Project-Development/React/simple-crud-react-node/src/reducers/employeesReducer.js": {"path":"/home/p10user/Project-Development/React/simple-crud-react-node/src/reducers/employeesReducer.js","statementMap":{"0":{"start":{"line":3,"column":21},"end":{"line":7,"column":1}},"1":{"start":{"line":10,"column":4},"end":{"line":24,"column":5}},"2":{"start":{"line":12,"column":12},"end":{"line":12,"column":58}},"3":{"start":{"line":15,"column":12},"end":{"line":15,"column":56}},"4":{"start":{"line":18,"column":12},"end":{"line":18,"column":57}},"5":{"start":{"line":21,"column":12},"end":{"line":21,"column":58}},"6":{"start":{"line":23,"column":17},"end":{"line":23,"column":29}}},"fnMap":{"0":{"name":"employeeReducer","decl":{"start":{"line":9,"column":24},"end":{"line":9,"column":39}},"loc":{"start":{"line":9,"column":70},"end":{"line":25,"column":1}},"line":9}},"branchMap":{"0":{"loc":{"start":{"line":9,"column":40},"end":{"line":9,"column":60}},"type":"default-arg","locations":[{"start":{"line":9,"column":48},"end":{"line":9,"column":60}}],"line":9},"1":{"loc":{"start":{"line":10,"column":4},"end":{"line":24,"column":5}},"type":"switch","locations":[{"start":{"line":11,"column":8},"end":{"line":13,"column":9}},{"start":{"line":14,"column":8},"end":{"line":16,"column":9}},{"start":{"line":17,"column":8},"end":{"line":19,"column":9}},{"start":{"line":20,"column":8},"end":{"line":22,"column":9}},{"start":{"line":23,"column":8},"end":{"line":23,"column":29}}],"line":10},"2":{"loc":{"start":{"line":10,"column":12},"end":{"line":10,"column":33}},"type":"binary-expr","locations":[{"start":{"line":10,"column":12},"end":{"line":10,"column":18}},{"start":{"line":10,"column":22},"end":{"line":10,"column":33}}],"line":10}},"s":{"0":2,"1":8,"2":0,"3":1,"4":1,"5":0,"6":6},"f":{"0":8},"b":{"0":[6],"1":[0,1,1,0,6],"2":[8,8]},"_coverageSchema":"332fd63041d2c1bcb487cc26dd0d5f7d97098a6c","hash":"8f5d824152243777a7fb565f0067594b7d181917"}
,"/home/p10user/Project-Development/React/simple-crud-react-node/src/shared/commonMessages/messages.js": {"path":"/home/p10user/Project-Development/React/simple-crud-react-node/src/shared/commonMessages/messages.js","statementMap":{"0":{"start":{"line":1,"column":19},"end":{"line":17,"column":1}}},"fnMap":{},"branchMap":{},"s":{"0":2},"f":{},"b":{},"_coverageSchema":"332fd63041d2c1bcb487cc26dd0d5f7d97098a6c","hash":"d9c8d5bbbd868887b9341b337869827bbe28c6ce"}
}
