TN:
SF:/home/p10user/Project-Development/React/simple-crud-react-node/src/App.js
FN:6,(anonymous_0)
FNF:1
FNH:1
FNDA:1,(anonymous_0)
DA:6,1
DA:7,1
LF:2
LH:2
BRF:0
BRH:0
end_of_record
TN:
SF:/home/p10user/Project-Development/React/simple-crud-react-node/src/rootReducer.js
FNF:0
FNH:0
DA:4,2
LF:1
LH:1
BRF:0
BRH:0
end_of_record
TN:
SF:/home/p10user/Project-Development/React/simple-crud-react-node/src/action/employeeAction.js
FN:11,(anonymous_0)
FN:16,(anonymous_1)
FN:20,(anonymous_2)
FN:24,(anonymous_3)
FN:30,(anonymous_4)
FN:30,(anonymous_5)
FN:32,(anonymous_6)
FN:33,(anonymous_7)
FN:36,(anonymous_8)
FN:36,(anonymous_9)
FN:40,(anonymous_10)
FN:40,(anonymous_11)
FN:42,(anonymous_12)
FN:43,(anonymous_13)
FN:46,(anonymous_14)
FN:46,(anonymous_15)
FN:50,(anonymous_16)
FN:50,(anonymous_17)
FN:54,(anonymous_18)
FN:54,(anonymous_19)
FNF:20
FNH:16
FNDA:1,(anonymous_0)
FNDA:1,(anonymous_1)
FNDA:1,(anonymous_2)
FNDA:1,(anonymous_3)
FNDA:6,(anonymous_4)
FNDA:6,(anonymous_5)
FNDA:0,(anonymous_6)
FNDA:0,(anonymous_7)
FNDA:1,(anonymous_8)
FNDA:1,(anonymous_9)
FNDA:1,(anonymous_10)
FNDA:1,(anonymous_11)
FNDA:0,(anonymous_12)
FNDA:0,(anonymous_13)
FNDA:1,(anonymous_14)
FNDA:1,(anonymous_15)
FNDA:1,(anonymous_16)
FNDA:1,(anonymous_17)
FNDA:1,(anonymous_18)
FNDA:1,(anonymous_19)
DA:2,2
DA:5,2
DA:6,2
DA:7,2
DA:8,2
DA:11,2
DA:16,2
DA:20,2
DA:24,2
DA:30,6
DA:31,6
DA:32,0
DA:33,0
DA:36,2
DA:37,1
DA:40,2
DA:41,1
DA:42,0
DA:43,0
DA:46,2
DA:47,1
DA:50,2
DA:51,1
DA:54,2
DA:55,1
LF:25
LH:21
BRF:0
BRH:0
end_of_record
TN:
SF:/home/p10user/Project-Development/React/simple-crud-react-node/src/components/common/Header.js
FN:4,(anonymous_0)
FNF:1
FNH:1
FNDA:1,(anonymous_0)
DA:5,1
LF:1
LH:1
BRF:0
BRH:0
end_of_record
TN:
SF:/home/p10user/Project-Development/React/simple-crud-react-node/src/components/forms/employees/FormModal.js
FN:26,(anonymous_0)
FN:43,(anonymous_1)
FN:48,(anonymous_2)
FN:50,(anonymous_3)
FN:52,(anonymous_4)
FN:60,(anonymous_5)
FN:68,(anonymous_6)
FN:68,(anonymous_7)
FN:70,(anonymous_8)
FN:70,(anonymous_9)
FN:75,(anonymous_10)
FN:111,(anonymous_11)
FN:126,(anonymous_12)
FNF:13
FNH:9
FNDA:25,(anonymous_0)
FNDA:1,(anonymous_1)
FNDA:5,(anonymous_2)
FNDA:1,(anonymous_3)
FNDA:1,(anonymous_4)
FNDA:2,(anonymous_5)
FNDA:0,(anonymous_6)
FNDA:0,(anonymous_7)
FNDA:0,(anonymous_8)
FNDA:0,(anonymous_9)
FNDA:2,(anonymous_10)
FNDA:1,(anonymous_11)
FNDA:35,(anonymous_12)
DA:9,2
DA:27,25
DA:28,0
DA:29,0
DA:44,1
DA:45,1
DA:48,5
DA:51,1
DA:52,1
DA:53,1
DA:56,0
DA:61,2
DA:62,2
DA:63,2
DA:64,2
DA:65,2
DA:66,0
DA:67,0
DA:68,0
DA:70,0
DA:76,2
DA:78,2
DA:79,2
DA:80,0
DA:81,0
DA:84,2
DA:85,2
DA:86,0
DA:87,0
DA:90,2
DA:91,2
DA:92,0
DA:93,0
DA:96,2
DA:97,2
DA:100,2
DA:101,2
DA:104,2
DA:105,2
DA:108,2
DA:112,1
DA:127,35
DA:128,35
DA:129,35
LF:44
LH:31
BRDA:27,0,0,0
BRDA:27,0,1,25
BRDA:51,1,0,1
BRDA:51,1,1,0
BRDA:51,2,0,1
BRDA:51,2,1,1
BRDA:65,3,0,0
BRDA:65,3,1,2
BRDA:67,4,0,0
BRDA:67,4,1,0
BRDA:78,5,0,2
BRDA:78,5,1,0
BRDA:80,6,0,0
BRDA:80,6,1,0
BRDA:84,7,0,2
BRDA:84,7,1,0
BRDA:86,8,0,0
BRDA:86,8,1,0
BRDA:90,9,0,2
BRDA:90,9,1,0
BRDA:92,10,0,0
BRDA:92,10,1,0
BRDA:96,11,0,2
BRDA:96,11,1,0
BRDA:100,12,0,2
BRDA:100,12,1,0
BRDA:104,13,0,2
BRDA:104,13,1,0
BRDA:104,14,0,2
BRDA:104,14,1,0
BRDA:138,15,0,1
BRDA:138,15,1,34
BRDA:144,16,0,0
BRDA:144,16,1,35
BRDA:145,17,0,35
BRDA:145,17,1,2
BRDA:149,18,0,0
BRDA:149,18,1,35
BRDA:150,19,0,35
BRDA:150,19,1,2
BRDA:154,20,0,0
BRDA:154,20,1,35
BRDA:155,21,0,35
BRDA:155,21,1,2
BRDA:160,22,0,35
BRDA:160,22,1,0
BRDA:163,23,0,35
BRDA:163,23,1,0
BRDA:165,24,0,35
BRDA:165,24,1,2
BRDA:171,25,0,2
BRDA:171,25,1,33
BRDA:171,26,0,35
BRDA:171,26,1,2
BRDA:184,27,0,35
BRDA:184,27,1,2
BRDA:189,28,0,0
BRDA:189,28,1,35
BRDA:190,29,0,35
BRDA:190,29,1,2
BRF:60
BRH:36
end_of_record
TN:
SF:/home/p10user/Project-Development/React/simple-crud-react-node/src/components/pages/employees/EmployeeList.js
FN:6,(anonymous_0)
FN:10,(anonymous_1)
FN:18,(anonymous_2)
FN:22,(anonymous_3)
FN:30,(anonymous_4)
FN:31,(anonymous_5)
FN:58,(anonymous_6)
FNF:7
FNH:7
FNDA:27,(anonymous_0)
FNDA:1,(anonymous_1)
FNDA:5,(anonymous_2)
FNDA:1,(anonymous_3)
FNDA:1,(anonymous_4)
FNDA:1,(anonymous_5)
FNDA:1,(anonymous_6)
DA:6,2
DA:8,27
DA:10,27
DA:11,1
DA:12,1
DA:13,1
DA:17,27
DA:19,5
DA:22,1
DA:30,1
DA:31,1
DA:38,27
DA:40,27
DA:58,1
LF:14
LH:14
BRDA:17,0,0,27
BRDA:17,0,1,27
BRDA:17,0,2,5
BRDA:22,1,0,0
BRDA:22,1,1,5
BRDA:54,2,0,5
BRDA:54,2,1,22
BRDA:54,3,0,27
BRDA:54,3,1,27
BRDA:55,4,0,27
BRDA:55,4,1,1
BRF:11
BRH:10
end_of_record
TN:
SF:/home/p10user/Project-Development/React/simple-crud-react-node/src/components/pages/employees/EmployeePage.js
FN:33,(anonymous_0)
FN:38,(anonymous_1)
FN:42,(anonymous_2)
FN:46,(anonymous_3)
FN:50,(anonymous_4)
FN:51,(anonymous_5)
FN:58,(anonymous_6)
FN:59,(anonymous_7)
FN:64,(anonymous_8)
FN:65,(anonymous_9)
FN:72,(anonymous_10)
FN:73,(anonymous_11)
FN:80,(anonymous_12)
FN:89,(anonymous_13)
FN:96,(anonymous_14)
FN:101,(anonymous_15)
FN:109,(anonymous_16)
FN:117,(anonymous_17)
FN:125,(anonymous_18)
FN:127,(anonymous_19)
FN:134,(anonymous_20)
FN:142,(anonymous_21)
FN:147,(anonymous_22)
FN:173,(anonymous_23)
FN:182,(anonymous_24)
FN:184,(anonymous_25)
FN:185,(anonymous_26)
FN:186,(anonymous_27)
FN:187,(anonymous_28)
FN:188,(anonymous_29)
FN:189,(anonymous_30)
FN:190,(anonymous_31)
FN:191,(anonymous_32)
FNF:33
FNH:25
FNDA:5,(anonymous_0)
FNDA:6,(anonymous_1)
FNDA:1,(anonymous_2)
FNDA:1,(anonymous_3)
FNDA:1,(anonymous_4)
FNDA:0,(anonymous_5)
FNDA:1,(anonymous_6)
FNDA:0,(anonymous_7)
FNDA:1,(anonymous_8)
FNDA:0,(anonymous_9)
FNDA:1,(anonymous_10)
FNDA:0,(anonymous_11)
FNDA:1,(anonymous_12)
FNDA:0,(anonymous_13)
FNDA:1,(anonymous_14)
FNDA:0,(anonymous_15)
FNDA:1,(anonymous_16)
FNDA:0,(anonymous_17)
FNDA:1,(anonymous_18)
FNDA:0,(anonymous_19)
FNDA:1,(anonymous_20)
FNDA:14,(anonymous_21)
FNDA:25,(anonymous_22)
FNDA:13,(anonymous_23)
FNDA:5,(anonymous_24)
FNDA:6,(anonymous_25)
FNDA:1,(anonymous_26)
FNDA:1,(anonymous_27)
FNDA:1,(anonymous_28)
FNDA:1,(anonymous_29)
FNDA:1,(anonymous_30)
FNDA:1,(anonymous_31)
FNDA:1,(anonymous_32)
DA:17,2
DA:34,5
DA:39,6
DA:43,1
DA:47,1
DA:51,1
DA:52,0
DA:53,0
DA:54,0
DA:59,1
DA:60,0
DA:65,1
DA:66,0
DA:67,0
DA:68,0
DA:73,1
DA:74,0
DA:75,0
DA:76,0
DA:81,1
DA:82,1
DA:90,0
DA:97,1
DA:98,1
DA:99,0
DA:101,1
DA:102,1
DA:103,0
DA:106,1
DA:110,1
DA:118,0
DA:126,1
DA:128,0
DA:129,0
DA:130,0
DA:135,1
DA:143,14
DA:144,14
DA:145,14
DA:147,25
DA:173,2
DA:174,13
DA:175,13
DA:176,13
DA:177,13
DA:182,2
DA:183,5
DA:184,6
DA:185,1
DA:186,1
DA:187,1
DA:188,1
DA:189,1
DA:190,1
DA:191,1
LF:55
LH:38
BRDA:98,0,0,0
BRDA:98,0,1,1
BRDA:98,1,0,1
BRDA:98,1,1,0
BRDA:102,2,0,0
BRDA:102,2,1,1
BRDA:135,3,0,1
BRDA:135,3,1,0
BRDA:158,4,0,0
BRDA:158,4,1,14
BRDA:174,5,0,13
BRDA:174,5,1,0
BRDA:175,6,0,4
BRDA:175,6,1,9
BRDA:176,7,0,13
BRDA:176,7,1,0
BRF:16
BRH:9
end_of_record
TN:
SF:/home/p10user/Project-Development/React/simple-crud-react-node/src/reducers/employeesReducer.js
FN:9,employeeReducer
FNF:1
FNH:1
FNDA:9,employeeReducer
DA:3,2
DA:10,9
DA:12,0
DA:15,1
DA:18,1
DA:21,0
DA:23,7
LF:7
LH:5
BRDA:9,0,0,7
BRDA:10,1,0,0
BRDA:10,1,1,1
BRDA:10,1,2,1
BRDA:10,1,3,0
BRDA:10,1,4,7
BRDA:10,2,0,9
BRDA:10,2,1,9
BRF:8
BRH:6
end_of_record
TN:
SF:/home/p10user/Project-Development/React/simple-crud-react-node/src/shared/commonMessages/messages.js
FNF:0
FNH:0
DA:1,2
LF:1
LH:1
BRF:0
BRH:0
end_of_record
