TN:
SF:/home/p10user/Project-Development/React/simple-crud-react-node/src/App.js
FN:6,(anonymous_0)
FNF:1
FNH:1
FNDA:1,(anonymous_0)
DA:6,1
DA:7,1
LF:2
LH:2
BRF:0
BRH:0
end_of_record
TN:
SF:/home/p10user/Project-Development/React/simple-crud-react-node/src/rootReducer.js
FNF:0
FNH:0
DA:4,2
LF:1
LH:1
BRF:0
BRH:0
end_of_record
TN:
SF:/home/p10user/Project-Development/React/simple-crud-react-node/src/action/employeeAction.js
FN:11,(anonymous_0)
FN:16,(anonymous_1)
FN:20,(anonymous_2)
FN:24,(anonymous_3)
FN:30,(anonymous_4)
FN:30,(anonymous_5)
FN:32,(anonymous_6)
FN:33,(anonymous_7)
FN:36,(anonymous_8)
FN:36,(anonymous_9)
FN:40,(anonymous_10)
FN:40,(anonymous_11)
FN:42,(anonymous_12)
FN:43,(anonymous_13)
FN:46,(anonymous_14)
FN:46,(anonymous_15)
FN:50,(anonymous_16)
FN:50,(anonymous_17)
FN:54,(anonymous_18)
FN:54,(anonymous_19)
FNF:20
FNH:14
FNDA:0,(anonymous_0)
FNDA:1,(anonymous_1)
FNDA:1,(anonymous_2)
FNDA:0,(anonymous_3)
FNDA:3,(anonymous_4)
FNDA:3,(anonymous_5)
FNDA:0,(anonymous_6)
FNDA:0,(anonymous_7)
FNDA:1,(anonymous_8)
FNDA:1,(anonymous_9)
FNDA:1,(anonymous_10)
FNDA:1,(anonymous_11)
FNDA:0,(anonymous_12)
FNDA:0,(anonymous_13)
FNDA:1,(anonymous_14)
FNDA:1,(anonymous_15)
FNDA:1,(anonymous_16)
FNDA:1,(anonymous_17)
FNDA:1,(anonymous_18)
FNDA:1,(anonymous_19)
DA:2,2
DA:5,2
DA:6,2
DA:7,2
DA:8,2
DA:11,2
DA:16,2
DA:20,2
DA:24,2
DA:30,3
DA:31,3
DA:32,0
DA:33,0
DA:36,2
DA:37,1
DA:40,2
DA:41,1
DA:42,0
DA:43,0
DA:46,2
DA:47,1
DA:50,2
DA:51,1
DA:54,2
DA:55,1
LF:25
LH:21
BRF:0
BRH:0
end_of_record
TN:
SF:/home/p10user/Project-Development/React/simple-crud-react-node/src/components/common/Header.js
FN:4,(anonymous_0)
FNF:1
FNH:1
FNDA:1,(anonymous_0)
DA:5,1
LF:1
LH:1
BRF:0
BRH:0
end_of_record
TN:
SF:/home/p10user/Project-Development/React/simple-crud-react-node/src/components/forms/employees/FormModal.js
FN:26,(anonymous_0)
FN:43,(anonymous_1)
FN:48,(anonymous_2)
FN:50,(anonymous_3)
FN:52,(anonymous_4)
FN:60,(anonymous_5)
FN:68,(anonymous_6)
FN:68,(anonymous_7)
FN:70,(anonymous_8)
FN:70,(anonymous_9)
FN:75,(anonymous_10)
FN:111,(anonymous_11)
FN:126,(anonymous_12)
FNF:13
FNH:9
FNDA:20,(anonymous_0)
FNDA:1,(anonymous_1)
FNDA:5,(anonymous_2)
FNDA:1,(anonymous_3)
FNDA:1,(anonymous_4)
FNDA:2,(anonymous_5)
FNDA:0,(anonymous_6)
FNDA:0,(anonymous_7)
FNDA:0,(anonymous_8)
FNDA:0,(anonymous_9)
FNDA:2,(anonymous_10)
FNDA:1,(anonymous_11)
FNDA:28,(anonymous_12)
DA:9,2
DA:27,20
DA:28,0
DA:29,0
DA:44,1
DA:45,1
DA:48,5
DA:51,1
DA:52,1
DA:53,1
DA:56,0
DA:61,2
DA:62,2
DA:63,2
DA:64,2
DA:65,2
DA:66,0
DA:67,0
DA:68,0
DA:70,0
DA:76,2
DA:78,2
DA:79,2
DA:80,0
DA:81,0
DA:84,2
DA:85,2
DA:86,0
DA:87,0
DA:90,2
DA:91,2
DA:92,0
DA:93,0
DA:96,2
DA:97,2
DA:100,2
DA:101,2
DA:104,2
DA:105,2
DA:108,2
DA:112,1
DA:127,28
DA:128,28
DA:129,28
LF:44
LH:31
BRDA:27,0,0,0
BRDA:27,0,1,20
BRDA:51,1,0,1
BRDA:51,1,1,0
BRDA:51,2,0,1
BRDA:51,2,1,1
BRDA:65,3,0,0
BRDA:65,3,1,2
BRDA:67,4,0,0
BRDA:67,4,1,0
BRDA:78,5,0,2
BRDA:78,5,1,0
BRDA:80,6,0,0
BRDA:80,6,1,0
BRDA:84,7,0,2
BRDA:84,7,1,0
BRDA:86,8,0,0
BRDA:86,8,1,0
BRDA:90,9,0,2
BRDA:90,9,1,0
BRDA:92,10,0,0
BRDA:92,10,1,0
BRDA:96,11,0,2
BRDA:96,11,1,0
BRDA:100,12,0,2
BRDA:100,12,1,0
BRDA:104,13,0,2
BRDA:104,13,1,0
BRDA:104,14,0,2
BRDA:104,14,1,0
BRDA:138,15,0,1
BRDA:138,15,1,27
BRDA:144,16,0,0
BRDA:144,16,1,28
BRDA:145,17,0,28
BRDA:145,17,1,2
BRDA:149,18,0,0
BRDA:149,18,1,28
BRDA:150,19,0,28
BRDA:150,19,1,2
BRDA:154,20,0,1
BRDA:154,20,1,27
BRDA:155,21,0,28
BRDA:155,21,1,2
BRDA:160,22,0,28
BRDA:160,22,1,0
BRDA:163,23,0,28
BRDA:163,23,1,0
BRDA:165,24,0,28
BRDA:165,24,1,2
BRDA:171,25,0,2
BRDA:171,25,1,26
BRDA:171,26,0,28
BRDA:171,26,1,2
BRDA:184,27,0,28
BRDA:184,27,1,2
BRDA:189,28,0,0
BRDA:189,28,1,28
BRDA:190,29,0,28
BRDA:190,29,1,2
BRF:60
BRH:37
end_of_record
TN:
SF:/home/p10user/Project-Development/React/simple-crud-react-node/src/components/pages/employees/EmployeeList.js
FN:6,(anonymous_0)
FN:10,(anonymous_1)
FN:18,(anonymous_2)
FN:22,(anonymous_3)
FN:30,(anonymous_4)
FN:31,(anonymous_5)
FN:58,(anonymous_6)
FNF:7
FNH:7
FNDA:20,(anonymous_0)
FNDA:1,(anonymous_1)
FNDA:5,(anonymous_2)
FNDA:1,(anonymous_3)
FNDA:1,(anonymous_4)
FNDA:1,(anonymous_5)
FNDA:1,(anonymous_6)
DA:6,2
DA:8,20
DA:10,20
DA:11,1
DA:12,1
DA:13,1
DA:17,20
DA:19,5
DA:22,1
DA:30,1
DA:31,1
DA:38,20
DA:40,20
DA:58,1
LF:14
LH:14
BRDA:17,0,0,20
BRDA:17,0,1,20
BRDA:17,0,2,5
BRDA:22,1,0,0
BRDA:22,1,1,5
BRDA:54,2,0,5
BRDA:54,2,1,15
BRDA:54,3,0,20
BRDA:54,3,1,20
BRDA:55,4,0,20
BRDA:55,4,1,1
BRF:11
BRH:10
end_of_record
TN:
SF:/home/p10user/Project-Development/React/simple-crud-react-node/src/components/pages/employees/EmployeePage.js
FN:33,(anonymous_0)
FN:38,(anonymous_1)
FN:43,(anonymous_2)
FN:47,(anonymous_3)
FN:51,(anonymous_4)
FN:52,(anonymous_5)
FN:59,(anonymous_6)
FN:60,(anonymous_7)
FN:65,(anonymous_8)
FN:66,(anonymous_9)
FN:73,(anonymous_10)
FN:74,(anonymous_11)
FN:81,(anonymous_12)
FN:90,(anonymous_13)
FN:97,(anonymous_14)
FN:102,(anonymous_15)
FN:110,(anonymous_16)
FN:118,(anonymous_17)
FN:126,(anonymous_18)
FN:128,(anonymous_19)
FN:135,(anonymous_20)
FN:143,(anonymous_21)
FN:148,(anonymous_22)
FN:174,(anonymous_23)
FN:183,(anonymous_24)
FN:185,(anonymous_25)
FN:186,(anonymous_26)
FN:187,(anonymous_27)
FN:188,(anonymous_28)
FN:189,(anonymous_29)
FN:190,(anonymous_30)
FN:191,(anonymous_31)
FN:192,(anonymous_32)
FNF:33
FNH:21
FNDA:3,(anonymous_0)
FNDA:3,(anonymous_1)
FNDA:1,(anonymous_2)
FNDA:1,(anonymous_3)
FNDA:1,(anonymous_4)
FNDA:0,(anonymous_5)
FNDA:1,(anonymous_6)
FNDA:0,(anonymous_7)
FNDA:1,(anonymous_8)
FNDA:0,(anonymous_9)
FNDA:1,(anonymous_10)
FNDA:0,(anonymous_11)
FNDA:0,(anonymous_12)
FNDA:0,(anonymous_13)
FNDA:0,(anonymous_14)
FNDA:0,(anonymous_15)
FNDA:0,(anonymous_16)
FNDA:0,(anonymous_17)
FNDA:1,(anonymous_18)
FNDA:0,(anonymous_19)
FNDA:0,(anonymous_20)
FNDA:7,(anonymous_21)
FNDA:13,(anonymous_22)
FNDA:7,(anonymous_23)
FNDA:3,(anonymous_24)
FNDA:3,(anonymous_25)
FNDA:1,(anonymous_26)
FNDA:1,(anonymous_27)
FNDA:1,(anonymous_28)
FNDA:1,(anonymous_29)
FNDA:1,(anonymous_30)
FNDA:1,(anonymous_31)
FNDA:1,(anonymous_32)
DA:17,2
DA:34,3
DA:39,3
DA:44,1
DA:48,1
DA:52,1
DA:53,0
DA:54,0
DA:55,0
DA:60,1
DA:61,0
DA:66,1
DA:67,0
DA:68,0
DA:69,0
DA:74,1
DA:75,0
DA:76,0
DA:77,0
DA:82,0
DA:83,0
DA:91,0
DA:98,0
DA:99,0
DA:100,0
DA:102,0
DA:103,0
DA:104,0
DA:107,0
DA:111,0
DA:119,0
DA:127,1
DA:129,0
DA:130,0
DA:131,0
DA:136,0
DA:144,7
DA:145,7
DA:146,7
DA:148,13
DA:174,2
DA:175,7
DA:176,7
DA:177,7
DA:178,7
DA:183,2
DA:184,3
DA:185,3
DA:186,1
DA:187,1
DA:188,1
DA:189,1
DA:190,1
DA:191,1
DA:192,1
LF:55
LH:29
BRDA:99,0,0,0
BRDA:99,0,1,0
BRDA:103,1,0,0
BRDA:103,1,1,0
BRDA:159,2,0,0
BRDA:159,2,1,7
BRDA:175,3,0,7
BRDA:175,3,1,0
BRDA:176,4,0,2
BRDA:176,4,1,5
BRDA:177,5,0,7
BRDA:177,5,1,0
BRF:12
BRH:5
end_of_record
TN:
SF:/home/p10user/Project-Development/React/simple-crud-react-node/src/reducers/employeesReducer.js
FN:9,employeeReducer
FNF:1
FNH:1
FNDA:8,employeeReducer
DA:3,2
DA:10,8
DA:12,0
DA:15,1
DA:18,1
DA:21,0
DA:23,6
LF:7
LH:5
BRDA:9,0,0,6
BRDA:10,1,0,0
BRDA:10,1,1,1
BRDA:10,1,2,1
BRDA:10,1,3,0
BRDA:10,1,4,6
BRDA:10,2,0,8
BRDA:10,2,1,8
BRF:8
BRH:6
end_of_record
TN:
SF:/home/p10user/Project-Development/React/simple-crud-react-node/src/shared/commonMessages/messages.js
FNF:0
FNH:0
DA:1,2
LF:1
LH:1
BRF:0
BRH:0
end_of_record
